<?xml version="1.0" encoding="UTF-8"?>
<testsuite xmlns:xsi="http://www.w3.org/2001/XMLSchema-instance" xsi:noNamespaceSchemaLocation="https://maven.apache.org/surefire/maven-surefire-plugin/xsd/surefire-test-report-3.0.xsd" version="3.0" name="StudentServiceDatabaseTest" time="2.821" tests="5" errors="0" skipped="0" failures="0">
  <properties>
[...]
</properties>
  <testcase name="testValidation" classname="StudentServiceDatabaseTest" time="0.603"/>
  <testcase name="testFindById" classname="StudentServiceDatabaseTest" time="0.55"/>
  <testcase name="testUpdateRecord" classname="StudentServiceDatabaseTest" time="0.594"/>
  <testcase name="testDeleteRecord" classname="StudentServiceDatabaseTest" time="0.429"/>
  <testcase name="testInsertRecord" classname="StudentServiceDatabaseTest" time="0.425"/>
</testsuite>